  320018277_PROYECTOFINAL2026-1_GPO05.cpp
C:\Program Files (x86)\Windows Kits\10\Include\10.0.26100.0\shared\minwindef.h(130,9): warning C4005: 'APIENTRY': redefinición de macro
  (compilando archivo de origen "320018277_PROYECTOFINAL2026-1_GPO05.cpp")
      E:\Documentos\Facultad de Ingenieria\320018277_PROYECTOFINAL2026-1_GPO08\External Libraries\GLFW\include\GLFW\glfw3.h(98,11):
      vea la definición anterior de “APIENTRY”
  
E:\Documentos\Facultad de Ingenieria\320018277_PROYECTOFINAL2026-1_GPO08\ProyectoFinal\320018277_PROYECTOFINAL2026-1_GPO05.cpp(64,22): warning C4305: 'inicializando': truncamiento de 'double' a 'float'
E:\Documentos\Facultad de Ingenieria\320018277_PROYECTOFINAL2026-1_GPO08\ProyectoFinal\320018277_PROYECTOFINAL2026-1_GPO05.cpp(269,30): warning C4244: 'inicializando': conversión de 'double' a 'GLfloat'; posible pérdida de datos
E:\Documentos\Facultad de Ingenieria\320018277_PROYECTOFINAL2026-1_GPO08\ProyectoFinal\320018277_PROYECTOFINAL2026-1_GPO05.cpp(609,32): warning C4305: 'inicializando': truncamiento de 'double' a 'float'
E:\Documentos\Facultad de Ingenieria\320018277_PROYECTOFINAL2026-1_GPO08\ProyectoFinal\320018277_PROYECTOFINAL2026-1_GPO05.cpp(1126,17): warning C4244: '=': conversión de 'double' a 'GLfloat'; posible pérdida de datos
E:\Documentos\Facultad de Ingenieria\320018277_PROYECTOFINAL2026-1_GPO08\ProyectoFinal\320018277_PROYECTOFINAL2026-1_GPO05.cpp(1127,17): warning C4244: '=': conversión de 'double' a 'GLfloat'; posible pérdida de datos
E:\Documentos\Facultad de Ingenieria\320018277_PROYECTOFINAL2026-1_GPO08\ProyectoFinal\320018277_PROYECTOFINAL2026-1_GPO05.cpp(1131,21): warning C4244: 'inicializando': conversión de 'double' a 'GLfloat'; posible pérdida de datos
E:\Documentos\Facultad de Ingenieria\320018277_PROYECTOFINAL2026-1_GPO08\ProyectoFinal\320018277_PROYECTOFINAL2026-1_GPO05.cpp(1132,21): warning C4244: 'inicializando': conversión de 'double' a 'GLfloat'; posible pérdida de datos
E:\Documentos\Facultad de Ingenieria\320018277_PROYECTOFINAL2026-1_GPO08\ProyectoFinal\320018277_PROYECTOFINAL2026-1_GPO05.cpp(1134,13): warning C4244: '=': conversión de 'double' a 'GLfloat'; posible pérdida de datos
E:\Documentos\Facultad de Ingenieria\320018277_PROYECTOFINAL2026-1_GPO08\ProyectoFinal\320018277_PROYECTOFINAL2026-1_GPO05.cpp(1135,13): warning C4244: '=': conversión de 'double' a 'GLfloat'; posible pérdida de datos
LINK : warning LNK4098: la biblioteca predeterminada'MSVCRT' entra en conflicto con otras bibliotecas; use la biblioteca /NODEFAULTLIB:biblioteca
soil2-debug.lib(etc1_utils.obj) : warning LNK4099: no se encontró PDB 'soil2-debug.pdb' con 'soil2-debug.lib(etc1_utils.obj)' o en 'E:\Documentos\Facultad de Ingenieria\320018277_PROYECTOFINAL2026-1_GPO08\Debug\soil2-debug.pdb'; se vinculará el objeto sin tener en cuenta información de depuración
soil2-debug.lib(image_DXT.obj) : warning LNK4099: no se encontró PDB 'soil2-debug.pdb' con 'soil2-debug.lib(image_DXT.obj)' o en 'E:\Documentos\Facultad de Ingenieria\320018277_PROYECTOFINAL2026-1_GPO08\Debug\soil2-debug.pdb'; se vinculará el objeto sin tener en cuenta información de depuración
soil2-debug.lib(image_helper.obj) : warning LNK4099: no se encontró PDB 'soil2-debug.pdb' con 'soil2-debug.lib(image_helper.obj)' o en 'E:\Documentos\Facultad de Ingenieria\320018277_PROYECTOFINAL2026-1_GPO08\Debug\soil2-debug.pdb'; se vinculará el objeto sin tener en cuenta información de depuración
soil2-debug.lib(SOIL2.obj) : warning LNK4099: no se encontró PDB 'soil2-debug.pdb' con 'soil2-debug.lib(SOIL2.obj)' o en 'E:\Documentos\Facultad de Ingenieria\320018277_PROYECTOFINAL2026-1_GPO08\Debug\soil2-debug.pdb'; se vinculará el objeto sin tener en cuenta información de depuración
  ProyectoFinal.vcxproj -> E:\Documentos\Facultad de Ingenieria\320018277_PROYECTOFINAL2026-1_GPO08\Debug\ProyectoFinal.exe
